<?xml version="1.0" encoding="UTF-8"?>
<!-- Generated by org.testng.reporters.JUnitXMLReporter -->
<testsuite ignored="2" hostname="AjayDubey-PC-2.local" failures="0" tests="1" name="Default test" time="2.16" errors="0" timestamp="2024-02-25T00:04:20 IST">
  <testcase classname="automation.sdet.backend.dpdemo.crud.GET.GETRequestNonBDDTestNg" name="getAllBooking" time="2.129"/>
  <testcase classname="automation.sdet.backend.dpdemo.crud.GET.GETRequestNonBDDTestNg" name="testGetAllBookingPositive" time="0.0">
    <ignored/>
  </testcase> <!-- testGetAllBookingPositive -->
  <testcase classname="automation.sdet.backend.dpdemo.crud.GET.GETRequestNonBDDTestNg" name="testGetAllBookingNegative2" time="0.0">
    <ignored/>
  </testcase> <!-- testGetAllBookingNegative2 -->
</testsuite> <!-- Default test -->
