<?xml version="1.0" encoding="UTF-8"?>
<testng-results ignored="0" total="1" passed="1" failed="0" skipped="0">
  <reporter-output>
  </reporter-output>
  <suite started-at="2024-02-25T00:04:18 IST" name="Default suite" finished-at="2024-02-25T00:04:20 IST" duration-ms="2160">
    <groups>
    </groups>
    <test started-at="2024-02-25T00:04:18 IST" name="Default test" finished-at="2024-02-25T00:04:20 IST" duration-ms="2160">
      <class name="automation.sdet.backend.dpdemo.crud.GET.GETRequestNonBDDTestNg">
        <test-method signature="getAllBooking()[pri:0, instance:automation.sdet.backend.dpdemo.crud.GET.GETRequestNonBDDTestNg@3c77d488]" started-at="2024-02-25T00:04:18 IST" name="getAllBooking" finished-at="2024-02-25T00:04:20 IST" duration-ms="2129" status="PASS">
          <reporter-output>
          </reporter-output>
        </test-method> <!-- getAllBooking -->
      </class> <!-- automation.sdet.backend.dpdemo.crud.GET.GETRequestNonBDDTestNg -->
    </test> <!-- Default test -->
  </suite> <!-- Default suite -->
</testng-results>
